>> [reset] Preparing for: blue-green
deployment.apps/api-gateway scaled
deployment.apps/catalog-service scaled
deployment.apps/price-service scaled
deployment.apps/inventory-service scaled
deployment.apps/shipping-service scaled
deployment "api-gateway" successfully rolled out
deployment "catalog-service" successfully rolled out
deployment "price-service" successfully rolled out
deployment "inventory-service" successfully rolled out
deployment "shipping-service" successfully rolled out
deployment.apps/api-gateway scaled
deployment.apps/catalog-service scaled
deployment.apps/price-service scaled
deployment.apps/inventory-service scaled
deployment.apps/shipping-service scaled
deployment "api-gateway" successfully rolled out
deployment "catalog-service" successfully rolled out
deployment "price-service" successfully rolled out
deployment "inventory-service" successfully rolled out
deployment "shipping-service" successfully rolled out

PLAY [Switch live traffic to Green] ********************************************

TASK [include_role : switch_traffic] *******************************************
included: switch_traffic for localhost

TASK [switch_traffic : Render new default.conf pointing at blue] ***************
ok: [localhost]

TASK [switch_traffic : Confirm all blue deployments are Ready] *****************
ok: [localhost] => (item={'name': 'api-gateway', 'port': 8080})
ok: [localhost] => (item={'name': 'catalog-service', 'port': 8080})
ok: [localhost] => (item={'name': 'price-service', 'port': 8080})
ok: [localhost] => (item={'name': 'inventory-service', 'port': 8080})
ok: [localhost] => (item={'name': 'shipping-service', 'port': 8080})

TASK [switch_traffic : Get running nginx router pods] **************************
ok: [localhost]

TASK [switch_traffic : Fail if no router pods found] ***************************
skipping: [localhost]

TASK [switch_traffic : Write new config into each router pod via stdin pipe] ***
changed: [localhost] => (item=nginx-router-6f8cb89789-79njc)

TASK [switch_traffic : Validate nginx config in each pod] **********************
ok: [localhost] => (item=nginx-router-6f8cb89789-79njc)

TASK [switch_traffic : Abort if any config is invalid] *************************
skipping: [localhost] => (item={'changed': False, 'stdout': '', 'stderr': 'Defaulted container "nginx" out of: nginx, init-conf (init)\nnginx: the configuration file /etc/nginx/nginx.conf syntax is ok\nnginx: configuration file /etc/nginx/nginx.conf test is successful', 'rc': 0, 'cmd': ['kubectl', 'exec', '-n', 'routing', 'nginx-router-6f8cb89789-79njc', '--', 'nginx', '-t'], 'start': '2026-07-11 15:43:52.577703', 'end': '2026-07-11 15:43:52.707410', 'delta': '0:00:00.129707', 'msg': '', 'invocation': {'module_args': {'_raw_params': 'kubectl exec -n routing nginx-router-6f8cb89789-79njc -- nginx -t', '_uses_shell': False, 'expand_argument_vars': True, 'stdin_add_newline': True, 'strip_empty_ends': True, 'cmd': None, 'argv': None, 'chdir': None, 'executable': None, 'creates': None, 'removes': None, 'stdin': None}}, 'stdout_lines': [], 'stderr_lines': ['Defaulted container "nginx" out of: nginx, init-conf (init)', 'nginx: the configuration file /etc/nginx/nginx.conf syntax is ok', 'nginx: configuration file /etc/nginx/nginx.conf test is successful'], 'failed': False, 'failed_when_result': False, 'item': 'nginx-router-6f8cb89789-79njc', 'ansible_loop_var': 'item'}) 
skipping: [localhost]

TASK [switch_traffic : Record switch timestamp] ********************************
ok: [localhost]

TASK [switch_traffic : Atomically reload nginx in each router pod] *************
changed: [localhost] => (item=nginx-router-6f8cb89789-79njc)

TASK [switch_traffic : Sync ConfigMap with live config (for pod-restart durability)] ***
changed: [localhost]

TASK [switch_traffic : Update active-environment ConfigMap] ********************
changed: [localhost]

TASK [switch_traffic : Switch complete] ****************************************
ok: [localhost] => {
    "msg": "✅ Traffic switched to blue at 2026-07-11T10:13:52.982Z"
}

PLAY RECAP *********************************************************************
localhost                  : ok=11   changed=4    unreachable=0    failed=0    skipped=2    rescued=0    ignored=0   

>> [reset] Done. Sleeping 10s...
>> Router OK
============================================================
  Strategy : blue-green  (run 5)
  Duration : 120s  |  Switch at: 40s
  Active NS: blue  |  Idle NS: green
============================================================
>> Ensuring 'blue' pods are Ready...
deployment "api-gateway" successfully rolled out
deployment "catalog-service" successfully rolled out
deployment "price-service" successfully rolled out
deployment "inventory-service" successfully rolled out
deployment "shipping-service" successfully rolled out
>> Scaling 'green' to 0 replicas...
deployment.apps/api-gateway scaled
deployment.apps/catalog-service scaled
deployment.apps/price-service scaled
deployment.apps/inventory-service scaled
deployment.apps/shipping-service scaled
>> Waiting for 'green' pods to terminate (max 90s)...
>>   5 pod(s) still terminating...
>>   3 pod(s) still terminating...
>> 'green' is empty after 9s
>> Sleeping 8s for CPU to settle...
>> Verifying nginx router...
>> Router OK (HTTP 200)
>> Pre-restoring 'green' to 1 replicas BEFORE starting wrk...
deployment.apps/api-gateway scaled
deployment.apps/catalog-service scaled
deployment.apps/price-service scaled
deployment.apps/inventory-service scaled
deployment.apps/shipping-service scaled
>> Waiting for 'green' to be Ready...
Waiting for deployment "api-gateway" rollout to finish: 0 of 1 updated replicas are available...
deployment "api-gateway" successfully rolled out
deployment "catalog-service" successfully rolled out
deployment "price-service" successfully rolled out
deployment "inventory-service" successfully rolled out
deployment "shipping-service" successfully rolled out
>> 'green' is Ready. Starting test in 5s...
>> Starting wrk: 120s, 2 threads, 4 connections (conservative for VMware)
>> wrk PID=268172
>> Sleeping 40s until switch...

>> ============================================================
>> SWITCH TRIGGERED: blue-green at 2026-07-11T10:15:18.423Z
>> ============================================================

PLAY [Switch live traffic to Green] ********************************************

TASK [include_role : switch_traffic] *******************************************
included: switch_traffic for localhost

TASK [switch_traffic : Render new default.conf pointing at green] **************
[WARNING]: Host 'localhost' is using the discovered Python interpreter at '/usr/bin/python3.12', but future installation of another Python interpreter could cause a different interpreter to be discovered. See https://docs.ansible.com/ansible-core/2.20/reference_appendices/interpreter_discovery.html for more information.
ok: [localhost]

TASK [switch_traffic : Confirm all green deployments are Ready] ****************
ok: [localhost] => (item={'name': 'api-gateway', 'port': 8080})
ok: [localhost] => (item={'name': 'catalog-service', 'port': 8080})
ok: [localhost] => (item={'name': 'price-service', 'port': 8080})
ok: [localhost] => (item={'name': 'inventory-service', 'port': 8080})
ok: [localhost] => (item={'name': 'shipping-service', 'port': 8080})

TASK [switch_traffic : Get running nginx router pods] **************************
ok: [localhost]

TASK [switch_traffic : Fail if no router pods found] ***************************
skipping: [localhost]

TASK [switch_traffic : Write new config into each router pod via stdin pipe] ***
changed: [localhost] => (item=nginx-router-6f8cb89789-79njc)

TASK [switch_traffic : Validate nginx config in each pod] **********************
ok: [localhost] => (item=nginx-router-6f8cb89789-79njc)

TASK [switch_traffic : Abort if any config is invalid] *************************
skipping: [localhost] => (item={'changed': False, 'stdout': '', 'stderr': 'Defaulted container "nginx" out of: nginx, init-conf (init)\nnginx: the configuration file /etc/nginx/nginx.conf syntax is ok\nnginx: configuration file /etc/nginx/nginx.conf test is successful', 'rc': 0, 'cmd': ['kubectl', 'exec', '-n', 'routing', 'nginx-router-6f8cb89789-79njc', '--', 'nginx', '-t'], 'start': '2026-07-11 15:45:22.323543', 'end': '2026-07-11 15:45:22.474055', 'delta': '0:00:00.150512', 'msg': '', 'invocation': {'module_args': {'_raw_params': 'kubectl exec -n routing nginx-router-6f8cb89789-79njc -- nginx -t', '_uses_shell': False, 'expand_argument_vars': True, 'stdin_add_newline': True, 'strip_empty_ends': True, 'cmd': None, 'argv': None, 'chdir': None, 'executable': None, 'creates': None, 'removes': None, 'stdin': None}}, 'stdout_lines': [], 'stderr_lines': ['Defaulted container "nginx" out of: nginx, init-conf (init)', 'nginx: the configuration file /etc/nginx/nginx.conf syntax is ok', 'nginx: configuration file /etc/nginx/nginx.conf test is successful'], 'failed': False, 'failed_when_result': False, 'item': 'nginx-router-6f8cb89789-79njc', 'ansible_loop_var': 'item'}) 
skipping: [localhost]

TASK [switch_traffic : Record switch timestamp] ********************************
ok: [localhost]

TASK [switch_traffic : Atomically reload nginx in each router pod] *************
changed: [localhost] => (item=nginx-router-6f8cb89789-79njc)

TASK [switch_traffic : Sync ConfigMap with live config (for pod-restart durability)] ***
changed: [localhost]

TASK [switch_traffic : Update active-environment ConfigMap] ********************
changed: [localhost]

TASK [switch_traffic : Switch complete] ****************************************
ok: [localhost] => {
    "msg": "✅ Traffic switched to green at 2026-07-11T10:15:22.754Z"
}

PLAY RECAP *********************************************************************
localhost                  : ok=11   changed=4    unreachable=0    failed=0    skipped=2    rescued=0    ignored=0   

>> Switch done in 6128ms
>> Waiting for wrk to finish...

>> wrk output:
Running 2m test @ http://192.168.49.2:30080/health
  2 threads and 4 connections
  Thread calibration: mean lat.: 27.579ms, rate sampling interval: 42ms
  Thread calibration: mean lat.: 14.560ms, rate sampling interval: 33ms
  Thread Stats   Avg      Stdev     Max   +/- Stdev
    Latency     3.24ms    2.21ms  29.34ms   98.30%
    Req/Sec     1.02      7.16    62.00     97.84%
  Latency Distribution (HdrHistogram - Recorded Latency)
 50.000%    2.87ms
 75.000%    3.76ms
 90.000%    4.54ms
 99.000%    5.69ms
 99.900%   29.36ms
 99.990%   29.36ms
 99.999%   29.36ms
100.000%   29.36ms

  Detailed Percentile spectrum:
       Value   Percentile   TotalCount 1/(1-Percentile)

       1.501     0.000000            1         1.00
       1.958     0.100000           18         1.11
       2.197     0.200000           36         1.25
       2.433     0.300000           53         1.43
       2.639     0.400000           72         1.67
       2.865     0.500000           88         2.00
       3.031     0.550000           97         2.22
       3.179     0.600000          106         2.50
       3.379     0.650000          115         2.86
       3.635     0.700000          124         3.33
       3.759     0.750000          132         4.00
       3.847     0.775000          137         4.44
       4.023     0.800000          141         5.00
       4.215     0.825000          146         5.71
       4.267     0.850000          150         6.67
       4.471     0.875000          154         8.00
       4.503     0.887500          157         8.89
       4.607     0.900000          159        10.00
       4.871     0.912500          161        11.43
       4.963     0.925000          163        13.33
       4.983     0.937500          165        16.00
       5.019     0.943750          167        17.78
       5.031     0.950000          168        20.00
       5.051     0.956250          170        22.86
       5.051     0.962500          170        26.67
       5.211     0.968750          171        32.00
       5.251     0.971875          172        35.56
       5.251     0.975000          172        40.00
       5.371     0.978125          173        45.71
       5.371     0.981250          173        53.33
       5.691     0.984375          174        64.00
       5.691     0.985938          174        71.11
       5.691     0.987500          174        80.00
       6.071     0.989062          175        91.43
       6.071     0.990625          175       106.67
       6.071     0.992188          175       128.00
       6.071     0.992969          175       142.22
       6.071     0.993750          175       160.00
      29.359     0.994531          176       182.86
      29.359     1.000000          176          inf
#[Mean    =        3.242, StdDeviation   =        2.210]
#[Max     =       29.344, Total count    =          176]
#[Buckets =           27, SubBuckets     =         2048]
----------------------------------------------------------
  228 requests in 2.42m, 52.77KB read
Requests/sec:      1.57
Transfer/sec:     372.32B

============================================================
  Results: /home/shruti-rao/Downloads/zero-downtime-FINAL_120_timeout/bgfinal/experiment/raw/blue-green_run5_*.{csv,txt}  (1 CSV files)
============================================================
