>> [reset] Preparing for: canary
deployment.apps/api-gateway scaled
deployment.apps/catalog-service scaled
deployment.apps/price-service scaled
deployment.apps/inventory-service scaled
deployment.apps/shipping-service scaled
deployment "api-gateway" successfully rolled out
deployment "catalog-service" successfully rolled out
deployment "price-service" successfully rolled out
deployment "inventory-service" successfully rolled out
deployment "shipping-service" successfully rolled out
deployment.apps/api-gateway scaled
deployment.apps/catalog-service scaled
deployment.apps/price-service scaled
deployment.apps/inventory-service scaled
deployment.apps/shipping-service scaled
deployment "api-gateway" successfully rolled out
deployment "catalog-service" successfully rolled out
deployment "price-service" successfully rolled out
deployment "inventory-service" successfully rolled out
deployment "shipping-service" successfully rolled out

PLAY [Switch live traffic to Green] ********************************************

TASK [include_role : switch_traffic] *******************************************
included: switch_traffic for localhost

TASK [switch_traffic : Render new default.conf pointing at blue] ***************
ok: [localhost]

TASK [switch_traffic : Confirm all blue deployments are Ready] *****************
ok: [localhost] => (item={'name': 'api-gateway', 'port': 8080})
ok: [localhost] => (item={'name': 'catalog-service', 'port': 8080})
ok: [localhost] => (item={'name': 'price-service', 'port': 8080})
ok: [localhost] => (item={'name': 'inventory-service', 'port': 8080})
ok: [localhost] => (item={'name': 'shipping-service', 'port': 8080})

TASK [switch_traffic : Get running nginx router pods] **************************
ok: [localhost]

TASK [switch_traffic : Fail if no router pods found] ***************************
skipping: [localhost]

TASK [switch_traffic : Write new config into each router pod via stdin pipe] ***
changed: [localhost] => (item=nginx-router-6f8cb89789-79njc)

TASK [switch_traffic : Validate nginx config in each pod] **********************
ok: [localhost] => (item=nginx-router-6f8cb89789-79njc)

TASK [switch_traffic : Abort if any config is invalid] *************************
skipping: [localhost] => (item={'changed': False, 'stdout': '', 'stderr': 'Defaulted container "nginx" out of: nginx, init-conf (init)\nnginx: the configuration file /etc/nginx/nginx.conf syntax is ok\nnginx: configuration file /etc/nginx/nginx.conf test is successful', 'rc': 0, 'cmd': ['kubectl', 'exec', '-n', 'routing', 'nginx-router-6f8cb89789-79njc', '--', 'nginx', '-t'], 'start': '2026-07-11 14:32:27.104387', 'end': '2026-07-11 14:32:27.230480', 'delta': '0:00:00.126093', 'msg': '', 'invocation': {'module_args': {'_raw_params': 'kubectl exec -n routing nginx-router-6f8cb89789-79njc -- nginx -t', '_uses_shell': False, 'expand_argument_vars': True, 'stdin_add_newline': True, 'strip_empty_ends': True, 'cmd': None, 'argv': None, 'chdir': None, 'executable': None, 'creates': None, 'removes': None, 'stdin': None}}, 'stdout_lines': [], 'stderr_lines': ['Defaulted container "nginx" out of: nginx, init-conf (init)', 'nginx: the configuration file /etc/nginx/nginx.conf syntax is ok', 'nginx: configuration file /etc/nginx/nginx.conf test is successful'], 'failed': False, 'failed_when_result': False, 'item': 'nginx-router-6f8cb89789-79njc', 'ansible_loop_var': 'item'}) 
skipping: [localhost]

TASK [switch_traffic : Record switch timestamp] ********************************
ok: [localhost]

TASK [switch_traffic : Atomically reload nginx in each router pod] *************
changed: [localhost] => (item=nginx-router-6f8cb89789-79njc)

TASK [switch_traffic : Sync ConfigMap with live config (for pod-restart durability)] ***
changed: [localhost]

TASK [switch_traffic : Update active-environment ConfigMap] ********************
changed: [localhost]

TASK [switch_traffic : Switch complete] ****************************************
ok: [localhost] => {
    "msg": "✅ Traffic switched to blue at 2026-07-11T09:02:27.469Z"
}

PLAY RECAP *********************************************************************
localhost                  : ok=11   changed=4    unreachable=0    failed=0    skipped=2    rescued=0    ignored=0   

>> [reset] Done. Sleeping 10s...
>> Router OK
============================================================
  Strategy : canary  (run 1)
  Duration : 120s  |  Switch at: 40s
  Active NS: blue  |  Idle NS: none
============================================================
>> Ensuring 'blue' pods are Ready...
deployment "api-gateway" successfully rolled out
deployment "catalog-service" successfully rolled out
deployment "price-service" successfully rolled out
deployment "inventory-service" successfully rolled out
deployment "shipping-service" successfully rolled out
>> Verifying nginx router...
>> Router OK (HTTP 200)
>> Starting wrk: 120s, 2 threads, 4 connections (conservative for VMware)
>> wrk PID=124723
>> Sleeping 40s until switch...

>> ============================================================
>> SWITCH TRIGGERED: canary at 2026-07-11T09:03:19.208Z
>> ============================================================

PLAY [Trigger canary traffic progression (90/10 → 50/50 → 0/100)] **************

TASK [include_role : canary_deploy] ********************************************
included: canary_deploy for localhost

TASK [canary_deploy : Set defaults] ********************************************
ok: [localhost]

TASK [canary_deploy : Wait for all canary deployments to be Ready] *************
[WARNING]: Host 'localhost' is using the discovered Python interpreter at '/usr/bin/python3.12', but future installation of another Python interpreter could cause a different interpreter to be discovered. See https://docs.ansible.com/ansible-core/2.20/reference_appendices/interpreter_discovery.html for more information.
ok: [localhost] => (item={'name': 'api-gateway', 'port': 8080})
ok: [localhost] => (item={'name': 'catalog-service', 'port': 8080})
ok: [localhost] => (item={'name': 'price-service', 'port': 8080})
ok: [localhost] => (item={'name': 'inventory-service', 'port': 8080})
ok: [localhost] => (item={'name': 'shipping-service', 'port': 8080})

TASK [canary_deploy : Get router pod names] ************************************
ok: [localhost]

TASK [canary_deploy : Fail if no router pods] **********************************
skipping: [localhost]

TASK [canary_deploy : Render canary config (90/10)] ****************************
ok: [localhost]

TASK [canary_deploy : Push 90/10 config to all router pods] ********************
changed: [localhost] => (item=nginx-router-6f8cb89789-79njc)

TASK [canary_deploy : Validate nginx config (90/10)] ***************************
ok: [localhost] => (item=nginx-router-6f8cb89789-79njc)

TASK [canary_deploy : Reload nginx (90/10)] ************************************
changed: [localhost] => (item=nginx-router-6f8cb89789-79njc)

TASK [canary_deploy : Soak at 90/10 for 10s] ***********************************
Pausing for 10 seconds
ok: [localhost]

TASK [canary_deploy : Render canary config (50/50)] ****************************
ok: [localhost]

TASK [canary_deploy : Push 50/50 config to all router pods] ********************
changed: [localhost] => (item=nginx-router-6f8cb89789-79njc)

TASK [canary_deploy : Validate nginx config (50/50)] ***************************
ok: [localhost] => (item=nginx-router-6f8cb89789-79njc)

TASK [canary_deploy : Reload nginx (50/50)] ************************************
changed: [localhost] => (item=nginx-router-6f8cb89789-79njc)

TASK [canary_deploy : Soak at 50/50 for 10s] ***********************************
Pausing for 10 seconds
ok: [localhost]

TASK [canary_deploy : Record canary cutover start] *****************************
ok: [localhost]

TASK [canary_deploy : Render canary config (0/100)] ****************************
ok: [localhost]

TASK [canary_deploy : Push 0/100 config to all router pods] ********************
changed: [localhost] => (item=nginx-router-6f8cb89789-79njc)

TASK [canary_deploy : Validate nginx config (0/100)] ***************************
ok: [localhost] => (item=nginx-router-6f8cb89789-79njc)

TASK [canary_deploy : Reload nginx (0/100 — full canary)] **********************
changed: [localhost] => (item=nginx-router-6f8cb89789-79njc)

TASK [canary_deploy : Update active-environment ConfigMap] *********************
changed: [localhost]

TASK [canary_deploy : Canary deployment complete] ******************************
ok: [localhost] => {
    "msg": "✅ Canary complete — 100% traffic now on green"
}

PLAY RECAP *********************************************************************
localhost                  : ok=21   changed=7    unreachable=0    failed=0    skipped=1    rescued=0    ignored=0   

>> Switch done in 29067ms
>> Waiting for wrk to finish...

>> wrk output:
Running 2m test @ http://192.168.49.2:30080/health
  2 threads and 4 connections
  Thread calibration: mean lat.: 3.744ms, rate sampling interval: 10ms
  Thread calibration: mean lat.: 4.509ms, rate sampling interval: 12ms
  Thread Stats   Avg      Stdev     Max   +/- Stdev
    Latency     3.06ms    1.35ms   7.63ms   74.40%
    Req/Sec     0.78     10.80   222.00     99.41%
  Latency Distribution (HdrHistogram - Recorded Latency)
 50.000%    2.76ms
 75.000%    3.80ms
 90.000%    4.73ms
 99.000%    7.38ms
 99.900%    7.63ms
 99.990%    7.63ms
 99.999%    7.63ms
100.000%    7.63ms

  Detailed Percentile spectrum:
       Value   Percentile   TotalCount 1/(1-Percentile)

       0.871     0.000000            1         1.00
       1.607     0.100000           17         1.11
       1.933     0.200000           35         1.25
       2.267     0.300000           51         1.43
       2.437     0.400000           68         1.67
       2.755     0.500000           84         2.00
       2.915     0.550000           93         2.22
       3.067     0.600000          101         2.50
       3.209     0.650000          110         2.86
       3.383     0.700000          118         3.33
       3.803     0.750000          126         4.00
       3.953     0.775000          131         4.44
       4.015     0.800000          135         5.00
       4.175     0.825000          139         5.71
       4.319     0.850000          143         6.67
       4.451     0.875000          147         8.00
       4.519     0.887500          150         8.89
       4.971     0.900000          152        10.00
       5.007     0.912500          154        11.43
       5.187     0.925000          156        13.33
       5.587     0.937500          158        16.00
       5.707     0.943750          159        17.78
       5.747     0.950000          160        20.00
       6.127     0.956250          161        22.86
       6.363     0.962500          162        26.67
       6.391     0.968750          163        32.00
       6.755     0.971875          164        35.56
       6.755     0.975000          164        40.00
       7.151     0.978125          165        45.71
       7.151     0.981250          165        53.33
       7.379     0.984375          166        64.00
       7.379     0.985938          166        71.11
       7.379     0.987500          166        80.00
       7.435     0.989062          167        91.43
       7.435     0.990625          167       106.67
       7.435     0.992188          167       128.00
       7.435     0.992969          167       142.22
       7.435     0.993750          167       160.00
       7.631     0.994531          168       182.86
       7.631     1.000000          168          inf
#[Mean    =        3.055, StdDeviation   =        1.351]
#[Max     =        7.628, Total count    =          168]
#[Buckets =           27, SubBuckets     =         2048]
----------------------------------------------------------
  220 requests in 2.00m, 50.92KB read
Requests/sec:      1.83
Transfer/sec:     434.43B

============================================================
  Results: /home/shruti-rao/Downloads/zero-downtime-FINAL_120_timeout/bgfinal/experiment/raw/canary_run1_*.{csv,txt}  (1 CSV files)
============================================================
