>> [reset] Preparing for: canary
deployment.apps/api-gateway scaled
deployment.apps/catalog-service scaled
deployment.apps/price-service scaled
deployment.apps/inventory-service scaled
deployment.apps/shipping-service scaled
deployment "api-gateway" successfully rolled out
deployment "catalog-service" successfully rolled out
deployment "price-service" successfully rolled out
deployment "inventory-service" successfully rolled out
deployment "shipping-service" successfully rolled out
deployment.apps/api-gateway scaled
deployment.apps/catalog-service scaled
deployment.apps/price-service scaled
deployment.apps/inventory-service scaled
deployment.apps/shipping-service scaled
deployment "api-gateway" successfully rolled out
deployment "catalog-service" successfully rolled out
deployment "price-service" successfully rolled out
deployment "inventory-service" successfully rolled out
deployment "shipping-service" successfully rolled out

PLAY [Switch live traffic to Green] ********************************************

TASK [include_role : switch_traffic] *******************************************
included: switch_traffic for localhost

TASK [switch_traffic : Render new default.conf pointing at blue] ***************
ok: [localhost]

TASK [switch_traffic : Confirm all blue deployments are Ready] *****************
ok: [localhost] => (item={'name': 'api-gateway', 'port': 8080})
ok: [localhost] => (item={'name': 'catalog-service', 'port': 8080})
ok: [localhost] => (item={'name': 'price-service', 'port': 8080})
ok: [localhost] => (item={'name': 'inventory-service', 'port': 8080})
ok: [localhost] => (item={'name': 'shipping-service', 'port': 8080})

TASK [switch_traffic : Get running nginx router pods] **************************
ok: [localhost]

TASK [switch_traffic : Fail if no router pods found] ***************************
skipping: [localhost]

TASK [switch_traffic : Write new config into each router pod via stdin pipe] ***
changed: [localhost] => (item=nginx-router-6f8cb89789-79njc)

TASK [switch_traffic : Validate nginx config in each pod] **********************
ok: [localhost] => (item=nginx-router-6f8cb89789-79njc)

TASK [switch_traffic : Abort if any config is invalid] *************************
skipping: [localhost] => (item={'changed': False, 'stdout': '', 'stderr': 'Defaulted container "nginx" out of: nginx, init-conf (init)\nnginx: the configuration file /etc/nginx/nginx.conf syntax is ok\nnginx: configuration file /etc/nginx/nginx.conf test is successful', 'rc': 0, 'cmd': ['kubectl', 'exec', '-n', 'routing', 'nginx-router-6f8cb89789-79njc', '--', 'nginx', '-t'], 'start': '2026-07-11 13:59:19.070831', 'end': '2026-07-11 13:59:19.244850', 'delta': '0:00:00.174019', 'msg': '', 'invocation': {'module_args': {'_raw_params': 'kubectl exec -n routing nginx-router-6f8cb89789-79njc -- nginx -t', '_uses_shell': False, 'expand_argument_vars': True, 'stdin_add_newline': True, 'strip_empty_ends': True, 'cmd': None, 'argv': None, 'chdir': None, 'executable': None, 'creates': None, 'removes': None, 'stdin': None}}, 'stdout_lines': [], 'stderr_lines': ['Defaulted container "nginx" out of: nginx, init-conf (init)', 'nginx: the configuration file /etc/nginx/nginx.conf syntax is ok', 'nginx: configuration file /etc/nginx/nginx.conf test is successful'], 'failed': False, 'failed_when_result': False, 'item': 'nginx-router-6f8cb89789-79njc', 'ansible_loop_var': 'item'}) 
skipping: [localhost]

TASK [switch_traffic : Record switch timestamp] ********************************
ok: [localhost]

TASK [switch_traffic : Atomically reload nginx in each router pod] *************
changed: [localhost] => (item=nginx-router-6f8cb89789-79njc)

TASK [switch_traffic : Sync ConfigMap with live config (for pod-restart durability)] ***
changed: [localhost]

TASK [switch_traffic : Update active-environment ConfigMap] ********************
changed: [localhost]

TASK [switch_traffic : Switch complete] ****************************************
ok: [localhost] => {
    "msg": "✅ Traffic switched to blue at 2026-07-11T08:29:19.520Z"
}

PLAY RECAP *********************************************************************
localhost                  : ok=11   changed=4    unreachable=0    failed=0    skipped=2    rescued=0    ignored=0   

>> [reset] Done. Sleeping 10s...
>> Router OK
============================================================
  Strategy : canary  (run 10)
  Duration : 120s  |  Switch at: 40s
  Active NS: blue  |  Idle NS: none
============================================================
>> Ensuring 'blue' pods are Ready...
deployment "api-gateway" successfully rolled out
deployment "catalog-service" successfully rolled out
deployment "price-service" successfully rolled out
deployment "inventory-service" successfully rolled out
deployment "shipping-service" successfully rolled out
>> Verifying nginx router...
>> Router OK (HTTP 200)
>> Starting wrk: 120s, 2 threads, 4 connections (conservative for VMware)
>> wrk PID=55956
>> Sleeping 40s until switch...

>> ============================================================
>> SWITCH TRIGGERED: canary at 2026-07-11T08:30:11.548Z
>> ============================================================

PLAY [Trigger canary traffic progression (90/10 → 50/50 → 0/100)] **************

TASK [include_role : canary_deploy] ********************************************
included: canary_deploy for localhost

TASK [canary_deploy : Set defaults] ********************************************
ok: [localhost]

TASK [canary_deploy : Wait for all canary deployments to be Ready] *************
[WARNING]: Host 'localhost' is using the discovered Python interpreter at '/usr/bin/python3.12', but future installation of another Python interpreter could cause a different interpreter to be discovered. See https://docs.ansible.com/ansible-core/2.20/reference_appendices/interpreter_discovery.html for more information.
ok: [localhost] => (item={'name': 'api-gateway', 'port': 8080})
ok: [localhost] => (item={'name': 'catalog-service', 'port': 8080})
ok: [localhost] => (item={'name': 'price-service', 'port': 8080})
ok: [localhost] => (item={'name': 'inventory-service', 'port': 8080})
ok: [localhost] => (item={'name': 'shipping-service', 'port': 8080})

TASK [canary_deploy : Get router pod names] ************************************
ok: [localhost]

TASK [canary_deploy : Fail if no router pods] **********************************
skipping: [localhost]

TASK [canary_deploy : Render canary config (90/10)] ****************************
ok: [localhost]

TASK [canary_deploy : Push 90/10 config to all router pods] ********************
changed: [localhost] => (item=nginx-router-6f8cb89789-79njc)

TASK [canary_deploy : Validate nginx config (90/10)] ***************************
ok: [localhost] => (item=nginx-router-6f8cb89789-79njc)

TASK [canary_deploy : Reload nginx (90/10)] ************************************
changed: [localhost] => (item=nginx-router-6f8cb89789-79njc)

TASK [canary_deploy : Soak at 90/10 for 10s] ***********************************
Pausing for 10 seconds
ok: [localhost]

TASK [canary_deploy : Render canary config (50/50)] ****************************
ok: [localhost]

TASK [canary_deploy : Push 50/50 config to all router pods] ********************
changed: [localhost] => (item=nginx-router-6f8cb89789-79njc)

TASK [canary_deploy : Validate nginx config (50/50)] ***************************
ok: [localhost] => (item=nginx-router-6f8cb89789-79njc)

TASK [canary_deploy : Reload nginx (50/50)] ************************************
changed: [localhost] => (item=nginx-router-6f8cb89789-79njc)

TASK [canary_deploy : Soak at 50/50 for 10s] ***********************************
Pausing for 10 seconds
ok: [localhost]

TASK [canary_deploy : Record canary cutover start] *****************************
ok: [localhost]

TASK [canary_deploy : Render canary config (0/100)] ****************************
ok: [localhost]

TASK [canary_deploy : Push 0/100 config to all router pods] ********************
changed: [localhost] => (item=nginx-router-6f8cb89789-79njc)

TASK [canary_deploy : Validate nginx config (0/100)] ***************************
ok: [localhost] => (item=nginx-router-6f8cb89789-79njc)

TASK [canary_deploy : Reload nginx (0/100 — full canary)] **********************
changed: [localhost] => (item=nginx-router-6f8cb89789-79njc)

TASK [canary_deploy : Update active-environment ConfigMap] *********************
changed: [localhost]

TASK [canary_deploy : Canary deployment complete] ******************************
ok: [localhost] => {
    "msg": "✅ Canary complete — 100% traffic now on green"
}

PLAY RECAP *********************************************************************
localhost                  : ok=21   changed=7    unreachable=0    failed=0    skipped=1    rescued=0    ignored=0   

>> Switch done in 29215ms
>> Waiting for wrk to finish...

>> wrk output:
Running 2m test @ http://192.168.49.2:30080/health
  2 threads and 4 connections
  Thread calibration: mean lat.: 3.834ms, rate sampling interval: 10ms
  Thread calibration: mean lat.: 5.682ms, rate sampling interval: 10ms
  Thread Stats   Avg      Stdev     Max   +/- Stdev
    Latency     4.95ms   11.86ms  94.34ms   98.26%
    Req/Sec     0.81     11.52   222.00     99.44%
  Latency Distribution (HdrHistogram - Recorded Latency)
 50.000%    3.29ms
 75.000%    4.06ms
 90.000%    4.88ms
 99.000%   92.74ms
 99.900%   94.40ms
 99.990%   94.40ms
 99.999%   94.40ms
100.000%   94.40ms

  Detailed Percentile spectrum:
       Value   Percentile   TotalCount 1/(1-Percentile)

       1.169     0.000000            1         1.00
       1.981     0.100000           18         1.11
       2.513     0.200000           35         1.25
       2.797     0.300000           52         1.43
       3.027     0.400000           69         1.67
       3.289     0.500000           86         2.00
       3.479     0.550000           95         2.22
       3.603     0.600000          104         2.50
       3.771     0.650000          112         2.86
       3.909     0.700000          121         3.33
       4.059     0.750000          129         4.00
       4.159     0.775000          134         4.44
       4.247     0.800000          138         5.00
       4.331     0.825000          142         5.71
       4.531     0.850000          147         6.67
       4.783     0.875000          151         8.00
       4.855     0.887500          153         8.89
       4.883     0.900000          155        10.00
       4.999     0.912500          157        11.43
       5.195     0.925000          160        13.33
       5.483     0.937500          162        16.00
       5.571     0.943750          163        17.78
       5.591     0.950000          164        20.00
       5.747     0.956250          165        22.86
       5.763     0.962500          166        26.67
       6.011     0.968750          167        32.00
       6.355     0.971875          168        35.56
       6.355     0.975000          168        40.00
       7.111     0.978125          169        45.71
       7.111     0.981250          169        53.33
      92.735     0.984375          170        64.00
      92.735     0.985938          170        71.11
      92.735     0.987500          170        80.00
      93.759     0.989062          171        91.43
      93.759     0.990625          171       106.67
      93.759     0.992188          171       128.00
      93.759     0.992969          171       142.22
      93.759     0.993750          171       160.00
      94.399     0.994531          172       182.86
      94.399     1.000000          172          inf
#[Mean    =        4.949, StdDeviation   =       11.860]
#[Max     =       94.336, Total count    =          172]
#[Buckets =           27, SubBuckets     =         2048]
----------------------------------------------------------
  224 requests in 2.00m, 51.84KB read
Requests/sec:      1.87
Transfer/sec:     442.27B

============================================================
  Results: /home/shruti-rao/Downloads/zero-downtime-FINAL_120_timeout/bgfinal/experiment/raw/canary_run10_*.{csv,txt}  (1 CSV files)
============================================================
