>> [reset] Preparing for: recreate

PLAY [Setup Recreate strategy namespace (negative control)] ********************

TASK [Deploy v1 baseline into recreate namespace] ******************************
included: recreate_deploy for localhost

TASK [recreate_deploy : Set defaults] ******************************************
ok: [localhost]

TASK [recreate_deploy : Create recreate namespace (idempotent)] ****************
[WARNING]: Host 'localhost' is using the discovered Python interpreter at '/usr/bin/python3.12', but future installation of another Python interpreter could cause a different interpreter to be discovered. See https://docs.ansible.com/ansible-core/2.20/reference_appendices/interpreter_discovery.html for more information.
changed: [localhost]

TASK [recreate_deploy : Template Recreate Deployment for each microservice] ****
ok: [localhost] => (item={'name': 'api-gateway', 'port': 8080})
ok: [localhost] => (item={'name': 'catalog-service', 'port': 8080})
ok: [localhost] => (item={'name': 'price-service', 'port': 8080})
ok: [localhost] => (item={'name': 'inventory-service', 'port': 8080})
ok: [localhost] => (item={'name': 'shipping-service', 'port': 8080})

TASK [recreate_deploy : Template Service for each microservice] ****************
ok: [localhost] => (item={'name': 'api-gateway', 'port': 8080})
ok: [localhost] => (item={'name': 'catalog-service', 'port': 8080})
ok: [localhost] => (item={'name': 'price-service', 'port': 8080})
ok: [localhost] => (item={'name': 'inventory-service', 'port': 8080})
ok: [localhost] => (item={'name': 'shipping-service', 'port': 8080})

TASK [recreate_deploy : Apply Services first (so ClusterIP exists before pods start)] ***
changed: [localhost] => (item={'name': 'api-gateway', 'port': 8080})
changed: [localhost] => (item={'name': 'catalog-service', 'port': 8080})
changed: [localhost] => (item={'name': 'price-service', 'port': 8080})
changed: [localhost] => (item={'name': 'inventory-service', 'port': 8080})
changed: [localhost] => (item={'name': 'shipping-service', 'port': 8080})

TASK [recreate_deploy : Deploy v1 baseline into recreate namespace first] ******
ok: [localhost] => (item={'name': 'api-gateway', 'port': 8080})
ok: [localhost] => (item={'name': 'catalog-service', 'port': 8080})
ok: [localhost] => (item={'name': 'price-service', 'port': 8080})
ok: [localhost] => (item={'name': 'inventory-service', 'port': 8080})
ok: [localhost] => (item={'name': 'shipping-service', 'port': 8080})

TASK [recreate_deploy : Apply v1 baseline to recreate namespace] ***************
changed: [localhost] => (item={'name': 'api-gateway', 'port': 8080})
changed: [localhost] => (item={'name': 'catalog-service', 'port': 8080})
changed: [localhost] => (item={'name': 'price-service', 'port': 8080})
changed: [localhost] => (item={'name': 'inventory-service', 'port': 8080})
changed: [localhost] => (item={'name': 'shipping-service', 'port': 8080})

TASK [recreate_deploy : Wait for v1 recreate baseline to be Ready] *************
ok: [localhost] => (item={'name': 'api-gateway', 'port': 8080})
ok: [localhost] => (item={'name': 'catalog-service', 'port': 8080})
ok: [localhost] => (item={'name': 'price-service', 'port': 8080})
ok: [localhost] => (item={'name': 'inventory-service', 'port': 8080})
ok: [localhost] => (item={'name': 'shipping-service', 'port': 8080})

TASK [recreate_deploy : Recreate namespace baseline ready] *********************
ok: [localhost] => {
    "msg": "Recreate namespace baseline (v1) is ready. Run the wrk2 test to trigger the Recreate upgrade."
}

TASK [Create recreate namespace service (for nginx router)] ********************
ok: [localhost]

TASK [Point nginx router at recreate namespace] ********************************
included: switch_traffic for localhost

TASK [switch_traffic : Render new default.conf pointing at recreate] ***********
ok: [localhost]

TASK [switch_traffic : Confirm all recreate deployments are Ready] *************
ok: [localhost] => (item={'name': 'api-gateway', 'port': 8080})
ok: [localhost] => (item={'name': 'catalog-service', 'port': 8080})
ok: [localhost] => (item={'name': 'price-service', 'port': 8080})
ok: [localhost] => (item={'name': 'inventory-service', 'port': 8080})
ok: [localhost] => (item={'name': 'shipping-service', 'port': 8080})

TASK [switch_traffic : Get running nginx router pods] **************************
ok: [localhost]

TASK [switch_traffic : Fail if no router pods found] ***************************
skipping: [localhost]

TASK [switch_traffic : Write new config into each router pod via stdin pipe] ***
changed: [localhost] => (item=nginx-router-6f8cb89789-79njc)

TASK [switch_traffic : Validate nginx config in each pod] **********************
ok: [localhost] => (item=nginx-router-6f8cb89789-79njc)

TASK [switch_traffic : Abort if any config is invalid] *************************
[ERROR]: Task failed: Action failed: nginx -t failed in pod nginx-router-6f8cb89789-79njc: Defaulted container "nginx" out of: nginx, init-conf (init)
2026/07/11 10:18:07 [emerg] 2365#2365: host not found in upstream "api-gateway.recreate.svc.cluster.local:8080" in /etc/nginx/conf.d/default.conf:3
nginx: [emerg] host not found in upstream "api-gateway.recreate.svc.cluster.local:8080" in /etc/nginx/conf.d/default.conf:3
nginx: configuration file /etc/nginx/nginx.conf test failed
command terminated with exit code 1
Origin: /home/shruti-rao/Downloads/zero-downtime-FINAL_120_timeout/bgfinal/ansible/roles/switch_traffic/tasks/main.yml:55:3

53   register: nginx_test
54
55 - name: Abort if any config is invalid
     ^ column 3

failed: [localhost] (item={'changed': False, 'stdout': '', 'stderr': 'Defaulted container "nginx" out of: nginx, init-conf (init)\n2026/07/11 10:18:07 [emerg] 2365#2365: host not found in upstream "api-gateway.recreate.svc.cluster.local:8080" in /etc/nginx/conf.d/default.conf:3\nnginx: [emerg] host not found in upstream "api-gateway.recreate.svc.cluster.local:8080" in /etc/nginx/conf.d/default.conf:3\nnginx: configuration file /etc/nginx/nginx.conf test failed\ncommand terminated with exit code 1', 'rc': 1, 'cmd': ['kubectl', 'exec', '-n', 'routing', 'nginx-router-6f8cb89789-79njc', '--', 'nginx', '-t'], 'start': '2026-07-11 15:48:07.331891', 'end': '2026-07-11 15:48:12.451982', 'delta': '0:00:05.120091', 'failed': False, 'msg': 'non-zero return code', 'invocation': {'module_args': {'_raw_params': 'kubectl exec -n routing nginx-router-6f8cb89789-79njc -- nginx -t', '_uses_shell': False, 'expand_argument_vars': True, 'stdin_add_newline': True, 'strip_empty_ends': True, 'cmd': None, 'argv': None, 'chdir': None, 'executable': None, 'creates': None, 'removes': None, 'stdin': None}}, 'stdout_lines': [], 'stderr_lines': ['Defaulted container "nginx" out of: nginx, init-conf (init)', '2026/07/11 10:18:07 [emerg] 2365#2365: host not found in upstream "api-gateway.recreate.svc.cluster.local:8080" in /etc/nginx/conf.d/default.conf:3', 'nginx: [emerg] host not found in upstream "api-gateway.recreate.svc.cluster.local:8080" in /etc/nginx/conf.d/default.conf:3', 'nginx: configuration file /etc/nginx/nginx.conf test failed', 'command terminated with exit code 1'], 'failed_when_result': False, 'failed_when_suppressed_exception': '(traceback unavailable)', 'item': 'nginx-router-6f8cb89789-79njc', 'ansible_loop_var': 'item'}) => {"ansible_loop_var": "item", "changed": false, "item": {"ansible_loop_var": "item", "changed": false, "cmd": ["kubectl", "exec", "-n", "routing", "nginx-router-6f8cb89789-79njc", "--", "nginx", "-t"], "delta": "0:00:05.120091", "end": "2026-07-11 15:48:12.451982", "failed": false, "failed_when_result": false, "failed_when_suppressed_exception": "(traceback unavailable)", "invocation": {"module_args": {"_raw_params": "kubectl exec -n routing nginx-router-6f8cb89789-79njc -- nginx -t", "_uses_shell": false, "argv": null, "chdir": null, "cmd": null, "creates": null, "executable": null, "expand_argument_vars": true, "removes": null, "stdin": null, "stdin_add_newline": true, "strip_empty_ends": true}}, "item": "nginx-router-6f8cb89789-79njc", "msg": "non-zero return code", "rc": 1, "start": "2026-07-11 15:48:07.331891", "stderr": "Defaulted container \"nginx\" out of: nginx, init-conf (init)\n2026/07/11 10:18:07 [emerg] 2365#2365: host not found in upstream \"api-gateway.recreate.svc.cluster.local:8080\" in /etc/nginx/conf.d/default.conf:3\nnginx: [emerg] host not found in upstream \"api-gateway.recreate.svc.cluster.local:8080\" in /etc/nginx/conf.d/default.conf:3\nnginx: configuration file /etc/nginx/nginx.conf test failed\ncommand terminated with exit code 1", "stderr_lines": ["Defaulted container \"nginx\" out of: nginx, init-conf (init)", "2026/07/11 10:18:07 [emerg] 2365#2365: host not found in upstream \"api-gateway.recreate.svc.cluster.local:8080\" in /etc/nginx/conf.d/default.conf:3", "nginx: [emerg] host not found in upstream \"api-gateway.recreate.svc.cluster.local:8080\" in /etc/nginx/conf.d/default.conf:3", "nginx: configuration file /etc/nginx/nginx.conf test failed", "command terminated with exit code 1"], "stdout": "", "stdout_lines": []}, "msg": "nginx -t failed in pod nginx-router-6f8cb89789-79njc: Defaulted container \"nginx\" out of: nginx, init-conf (init)\n2026/07/11 10:18:07 [emerg] 2365#2365: host not found in upstream \"api-gateway.recreate.svc.cluster.local:8080\" in /etc/nginx/conf.d/default.conf:3\nnginx: [emerg] host not found in upstream \"api-gateway.recreate.svc.cluster.local:8080\" in /etc/nginx/conf.d/default.conf:3\nnginx: configuration file /etc/nginx/nginx.conf test failed\ncommand terminated with exit code 1"}

PLAY RECAP *********************************************************************
localhost                  : ok=17   changed=4    unreachable=0    failed=1    skipped=1    rescued=0    ignored=0   

>> [reset] Preparing for: recreate

PLAY [Setup Recreate strategy namespace (negative control)] ********************

TASK [Deploy v1 baseline into recreate namespace] ******************************
included: recreate_deploy for localhost

TASK [recreate_deploy : Set defaults] ******************************************
ok: [localhost]

TASK [recreate_deploy : Create recreate namespace (idempotent)] ****************
[WARNING]: Host 'localhost' is using the discovered Python interpreter at '/usr/bin/python3.12', but future installation of another Python interpreter could cause a different interpreter to be discovered. See https://docs.ansible.com/ansible-core/2.20/reference_appendices/interpreter_discovery.html for more information.
changed: [localhost]

TASK [recreate_deploy : Template Recreate Deployment for each microservice] ****
ok: [localhost] => (item={'name': 'api-gateway', 'port': 8080})
ok: [localhost] => (item={'name': 'catalog-service', 'port': 8080})
ok: [localhost] => (item={'name': 'price-service', 'port': 8080})
ok: [localhost] => (item={'name': 'inventory-service', 'port': 8080})
ok: [localhost] => (item={'name': 'shipping-service', 'port': 8080})

TASK [recreate_deploy : Template Service for each microservice] ****************
ok: [localhost] => (item={'name': 'api-gateway', 'port': 8080})
ok: [localhost] => (item={'name': 'catalog-service', 'port': 8080})
ok: [localhost] => (item={'name': 'price-service', 'port': 8080})
ok: [localhost] => (item={'name': 'inventory-service', 'port': 8080})
ok: [localhost] => (item={'name': 'shipping-service', 'port': 8080})

TASK [recreate_deploy : Apply Services first (so ClusterIP exists before pods start)] ***
changed: [localhost] => (item={'name': 'api-gateway', 'port': 8080})
changed: [localhost] => (item={'name': 'catalog-service', 'port': 8080})
changed: [localhost] => (item={'name': 'price-service', 'port': 8080})
changed: [localhost] => (item={'name': 'inventory-service', 'port': 8080})
changed: [localhost] => (item={'name': 'shipping-service', 'port': 8080})

TASK [recreate_deploy : Deploy v1 baseline into recreate namespace first] ******
ok: [localhost] => (item={'name': 'api-gateway', 'port': 8080})
ok: [localhost] => (item={'name': 'catalog-service', 'port': 8080})
ok: [localhost] => (item={'name': 'price-service', 'port': 8080})
ok: [localhost] => (item={'name': 'inventory-service', 'port': 8080})
ok: [localhost] => (item={'name': 'shipping-service', 'port': 8080})

TASK [recreate_deploy : Apply v1 baseline to recreate namespace] ***************
changed: [localhost] => (item={'name': 'api-gateway', 'port': 8080})
changed: [localhost] => (item={'name': 'catalog-service', 'port': 8080})
changed: [localhost] => (item={'name': 'price-service', 'port': 8080})
changed: [localhost] => (item={'name': 'inventory-service', 'port': 8080})
changed: [localhost] => (item={'name': 'shipping-service', 'port': 8080})

TASK [recreate_deploy : Wait for v1 recreate baseline to be Ready] *************
ok: [localhost] => (item={'name': 'api-gateway', 'port': 8080})
ok: [localhost] => (item={'name': 'catalog-service', 'port': 8080})
ok: [localhost] => (item={'name': 'price-service', 'port': 8080})
ok: [localhost] => (item={'name': 'inventory-service', 'port': 8080})
ok: [localhost] => (item={'name': 'shipping-service', 'port': 8080})

TASK [recreate_deploy : Recreate namespace baseline ready] *********************
ok: [localhost] => {
    "msg": "Recreate namespace baseline (v1) is ready. Run the wrk2 test to trigger the Recreate upgrade."
}

TASK [Create recreate namespace service (for nginx router)] ********************
ok: [localhost]

TASK [Point nginx router at recreate namespace] ********************************
included: switch_traffic for localhost

TASK [switch_traffic : Render new default.conf pointing at recreate] ***********
ok: [localhost]

TASK [switch_traffic : Confirm all recreate deployments are Ready] *************
ok: [localhost] => (item={'name': 'api-gateway', 'port': 8080})
ok: [localhost] => (item={'name': 'catalog-service', 'port': 8080})
ok: [localhost] => (item={'name': 'price-service', 'port': 8080})
ok: [localhost] => (item={'name': 'inventory-service', 'port': 8080})
ok: [localhost] => (item={'name': 'shipping-service', 'port': 8080})

TASK [switch_traffic : Get running nginx router pods] **************************
ok: [localhost]

TASK [switch_traffic : Fail if no router pods found] ***************************
skipping: [localhost]

TASK [switch_traffic : Write new config into each router pod via stdin pipe] ***
changed: [localhost] => (item=nginx-router-6f8cb89789-79njc)

TASK [switch_traffic : Validate nginx config in each pod] **********************
ok: [localhost] => (item=nginx-router-6f8cb89789-79njc)

TASK [switch_traffic : Abort if any config is invalid] *************************
skipping: [localhost] => (item={'changed': False, 'stdout': '', 'stderr': 'Defaulted container "nginx" out of: nginx, init-conf (init)\nnginx: the configuration file /etc/nginx/nginx.conf syntax is ok\nnginx: configuration file /etc/nginx/nginx.conf test is successful', 'rc': 0, 'cmd': ['kubectl', 'exec', '-n', 'routing', 'nginx-router-6f8cb89789-79njc', '--', 'nginx', '-t'], 'start': '2026-07-12 12:06:28.565421', 'end': '2026-07-12 12:06:28.833346', 'delta': '0:00:00.267925', 'msg': '', 'invocation': {'module_args': {'_raw_params': 'kubectl exec -n routing nginx-router-6f8cb89789-79njc -- nginx -t', '_uses_shell': False, 'expand_argument_vars': True, 'stdin_add_newline': True, 'strip_empty_ends': True, 'cmd': None, 'argv': None, 'chdir': None, 'executable': None, 'creates': None, 'removes': None, 'stdin': None}}, 'stdout_lines': [], 'stderr_lines': ['Defaulted container "nginx" out of: nginx, init-conf (init)', 'nginx: the configuration file /etc/nginx/nginx.conf syntax is ok', 'nginx: configuration file /etc/nginx/nginx.conf test is successful'], 'failed': False, 'failed_when_result': False, 'item': 'nginx-router-6f8cb89789-79njc', 'ansible_loop_var': 'item'}) 
skipping: [localhost]

TASK [switch_traffic : Record switch timestamp] ********************************
ok: [localhost]

TASK [switch_traffic : Atomically reload nginx in each router pod] *************
[ERROR]: Task failed: Module failed: non-zero return code
Origin: /home/shruti-rao/Downloads/zero-downtime-FINAL_120_timeout/bgfinal/ansible/roles/switch_traffic/tasks/main.yml:66:3

64   changed_when: false
65
66 - name: Atomically reload nginx in each router pod
     ^ column 3

failed: [localhost] (item=nginx-router-6f8cb89789-79njc) => {"ansible_loop_var": "item", "changed": true, "cmd": ["kubectl", "exec", "-n", "routing", "nginx-router-6f8cb89789-79njc", "--", "nginx", "-s", "reload"], "delta": "0:00:05.120382", "end": "2026-07-12 12:06:34.463804", "item": "nginx-router-6f8cb89789-79njc", "msg": "non-zero return code", "rc": 1, "start": "2026-07-12 12:06:29.343422", "stderr": "Defaulted container \"nginx\" out of: nginx, init-conf (init)\n2026/07/12 06:36:29 [emerg] 2388#2388: host not found in upstream \"api-gateway.recreate.svc.cluster.local:8080\" in /etc/nginx/conf.d/default.conf:3\nnginx: [emerg] host not found in upstream \"api-gateway.recreate.svc.cluster.local:8080\" in /etc/nginx/conf.d/default.conf:3\ncommand terminated with exit code 1", "stderr_lines": ["Defaulted container \"nginx\" out of: nginx, init-conf (init)", "2026/07/12 06:36:29 [emerg] 2388#2388: host not found in upstream \"api-gateway.recreate.svc.cluster.local:8080\" in /etc/nginx/conf.d/default.conf:3", "nginx: [emerg] host not found in upstream \"api-gateway.recreate.svc.cluster.local:8080\" in /etc/nginx/conf.d/default.conf:3", "command terminated with exit code 1"], "stdout": "", "stdout_lines": []}

PLAY RECAP *********************************************************************
localhost                  : ok=18   changed=4    unreachable=0    failed=1    skipped=2    rescued=0    ignored=0   

>> [reset] Preparing for: recreate

PLAY [Setup Recreate strategy namespace (negative control)] ********************

TASK [Deploy v1 baseline into recreate namespace] ******************************
included: recreate_deploy for localhost

TASK [recreate_deploy : Set defaults] ******************************************
ok: [localhost]

TASK [recreate_deploy : Create recreate namespace (idempotent)] ****************
[WARNING]: Host 'localhost' is using the discovered Python interpreter at '/usr/bin/python3.12', but future installation of another Python interpreter could cause a different interpreter to be discovered. See https://docs.ansible.com/ansible-core/2.20/reference_appendices/interpreter_discovery.html for more information.
changed: [localhost]

TASK [recreate_deploy : Template Recreate Deployment for each microservice] ****
ok: [localhost] => (item={'name': 'api-gateway', 'port': 8080})
ok: [localhost] => (item={'name': 'catalog-service', 'port': 8080})
ok: [localhost] => (item={'name': 'price-service', 'port': 8080})
ok: [localhost] => (item={'name': 'inventory-service', 'port': 8080})
ok: [localhost] => (item={'name': 'shipping-service', 'port': 8080})

TASK [recreate_deploy : Template Service for each microservice] ****************
ok: [localhost] => (item={'name': 'api-gateway', 'port': 8080})
ok: [localhost] => (item={'name': 'catalog-service', 'port': 8080})
ok: [localhost] => (item={'name': 'price-service', 'port': 8080})
ok: [localhost] => (item={'name': 'inventory-service', 'port': 8080})
ok: [localhost] => (item={'name': 'shipping-service', 'port': 8080})

TASK [recreate_deploy : Apply Services first (so ClusterIP exists before pods start)] ***
changed: [localhost] => (item={'name': 'api-gateway', 'port': 8080})
changed: [localhost] => (item={'name': 'catalog-service', 'port': 8080})
changed: [localhost] => (item={'name': 'price-service', 'port': 8080})
changed: [localhost] => (item={'name': 'inventory-service', 'port': 8080})
changed: [localhost] => (item={'name': 'shipping-service', 'port': 8080})

TASK [recreate_deploy : Deploy v1 baseline into recreate namespace first] ******
ok: [localhost] => (item={'name': 'api-gateway', 'port': 8080})
ok: [localhost] => (item={'name': 'catalog-service', 'port': 8080})
ok: [localhost] => (item={'name': 'price-service', 'port': 8080})
ok: [localhost] => (item={'name': 'inventory-service', 'port': 8080})
ok: [localhost] => (item={'name': 'shipping-service', 'port': 8080})

TASK [recreate_deploy : Apply v1 baseline to recreate namespace] ***************
changed: [localhost] => (item={'name': 'api-gateway', 'port': 8080})
changed: [localhost] => (item={'name': 'catalog-service', 'port': 8080})
changed: [localhost] => (item={'name': 'price-service', 'port': 8080})
changed: [localhost] => (item={'name': 'inventory-service', 'port': 8080})
changed: [localhost] => (item={'name': 'shipping-service', 'port': 8080})

TASK [recreate_deploy : Wait for v1 recreate baseline to be Ready] *************
ok: [localhost] => (item={'name': 'api-gateway', 'port': 8080})
ok: [localhost] => (item={'name': 'catalog-service', 'port': 8080})
ok: [localhost] => (item={'name': 'price-service', 'port': 8080})
ok: [localhost] => (item={'name': 'inventory-service', 'port': 8080})
ok: [localhost] => (item={'name': 'shipping-service', 'port': 8080})

TASK [recreate_deploy : Recreate namespace baseline ready] *********************
ok: [localhost] => {
    "msg": "Recreate namespace baseline (v1) is ready. Run the wrk2 test to trigger the Recreate upgrade."
}

TASK [Create recreate namespace service (for nginx router)] ********************
ok: [localhost]

TASK [Point nginx router at recreate namespace] ********************************
included: switch_traffic for localhost

TASK [switch_traffic : Render new default.conf pointing at recreate] ***********
changed: [localhost]

TASK [switch_traffic : Confirm all recreate deployments are Ready] *************
ok: [localhost] => (item={'name': 'api-gateway', 'port': 8080})
ok: [localhost] => (item={'name': 'catalog-service', 'port': 8080})
ok: [localhost] => (item={'name': 'price-service', 'port': 8080})
ok: [localhost] => (item={'name': 'inventory-service', 'port': 8080})
ok: [localhost] => (item={'name': 'shipping-service', 'port': 8080})

TASK [switch_traffic : Get running nginx router pods] **************************
ok: [localhost]

TASK [switch_traffic : Fail if no router pods found] ***************************
skipping: [localhost]

TASK [switch_traffic : Write new config into each router pod via stdin pipe] ***
changed: [localhost] => (item=nginx-router-6f8cb89789-79njc)

TASK [switch_traffic : Validate nginx config in each pod] **********************
ok: [localhost] => (item=nginx-router-6f8cb89789-79njc)

TASK [switch_traffic : Abort if any config is invalid] *************************
skipping: [localhost] => (item={'changed': False, 'stdout': '', 'stderr': 'Defaulted container "nginx" out of: nginx, init-conf (init)\nnginx: the configuration file /etc/nginx/nginx.conf syntax is ok\nnginx: configuration file /etc/nginx/nginx.conf test is successful', 'rc': 0, 'cmd': ['kubectl', 'exec', '-n', 'routing', 'nginx-router-6f8cb89789-79njc', '--', 'nginx', '-t'], 'start': '2026-07-12 12:09:19.117582', 'end': '2026-07-12 12:09:19.259174', 'delta': '0:00:00.141592', 'msg': '', 'invocation': {'module_args': {'_raw_params': 'kubectl exec -n routing nginx-router-6f8cb89789-79njc -- nginx -t', '_uses_shell': False, 'expand_argument_vars': True, 'stdin_add_newline': True, 'strip_empty_ends': True, 'cmd': None, 'argv': None, 'chdir': None, 'executable': None, 'creates': None, 'removes': None, 'stdin': None}}, 'stdout_lines': [], 'stderr_lines': ['Defaulted container "nginx" out of: nginx, init-conf (init)', 'nginx: the configuration file /etc/nginx/nginx.conf syntax is ok', 'nginx: configuration file /etc/nginx/nginx.conf test is successful'], 'failed': False, 'failed_when_result': False, 'item': 'nginx-router-6f8cb89789-79njc', 'ansible_loop_var': 'item'}) 
skipping: [localhost]

TASK [switch_traffic : Record switch timestamp] ********************************
ok: [localhost]

TASK [switch_traffic : Atomically reload nginx in each router pod] *************
changed: [localhost] => (item=nginx-router-6f8cb89789-79njc)

TASK [switch_traffic : Sync ConfigMap with live config (for pod-restart durability)] ***
changed: [localhost]

TASK [switch_traffic : Update active-environment ConfigMap] ********************
changed: [localhost]

TASK [switch_traffic : Switch complete] ****************************************
ok: [localhost] => {
    "msg": "✅ Traffic switched to recreate at 2026-07-12T06:39:19.533Z"
}

TASK [Done — recreate baseline ready] ******************************************
ok: [localhost] => {
    "msg": "Recreate (negative control) namespace is live. Run: wrk2/run-strategy-test.sh recreate 120 50 40 The harness will trigger kubectl set image to v2 at t=40s. Expect VISIBLE downtime (several seconds) — that's the point.\n"
}

PLAY RECAP *********************************************************************
localhost                  : ok=23   changed=8    unreachable=0    failed=0    skipped=2    rescued=0    ignored=0   


PLAY [Switch live traffic to Green] ********************************************

TASK [include_role : switch_traffic] *******************************************
included: switch_traffic for localhost

TASK [switch_traffic : Render new default.conf pointing at recreate] ***********
ok: [localhost]

TASK [switch_traffic : Confirm all recreate deployments are Ready] *************
ok: [localhost] => (item={'name': 'api-gateway', 'port': 8080})
ok: [localhost] => (item={'name': 'catalog-service', 'port': 8080})
ok: [localhost] => (item={'name': 'price-service', 'port': 8080})
ok: [localhost] => (item={'name': 'inventory-service', 'port': 8080})
ok: [localhost] => (item={'name': 'shipping-service', 'port': 8080})

TASK [switch_traffic : Get running nginx router pods] **************************
ok: [localhost]

TASK [switch_traffic : Fail if no router pods found] ***************************
skipping: [localhost]

TASK [switch_traffic : Write new config into each router pod via stdin pipe] ***
changed: [localhost] => (item=nginx-router-6f8cb89789-79njc)

TASK [switch_traffic : Validate nginx config in each pod] **********************
ok: [localhost] => (item=nginx-router-6f8cb89789-79njc)

TASK [switch_traffic : Abort if any config is invalid] *************************
skipping: [localhost] => (item={'changed': False, 'stdout': '', 'stderr': 'Defaulted container "nginx" out of: nginx, init-conf (init)\nnginx: the configuration file /etc/nginx/nginx.conf syntax is ok\nnginx: configuration file /etc/nginx/nginx.conf test is successful', 'rc': 0, 'cmd': ['kubectl', 'exec', '-n', 'routing', 'nginx-router-6f8cb89789-79njc', '--', 'nginx', '-t'], 'start': '2026-07-12 12:09:24.551519', 'end': '2026-07-12 12:09:24.665650', 'delta': '0:00:00.114131', 'msg': '', 'invocation': {'module_args': {'_raw_params': 'kubectl exec -n routing nginx-router-6f8cb89789-79njc -- nginx -t', '_uses_shell': False, 'expand_argument_vars': True, 'stdin_add_newline': True, 'strip_empty_ends': True, 'cmd': None, 'argv': None, 'chdir': None, 'executable': None, 'creates': None, 'removes': None, 'stdin': None}}, 'stdout_lines': [], 'stderr_lines': ['Defaulted container "nginx" out of: nginx, init-conf (init)', 'nginx: the configuration file /etc/nginx/nginx.conf syntax is ok', 'nginx: configuration file /etc/nginx/nginx.conf test is successful'], 'failed': False, 'failed_when_result': False, 'item': 'nginx-router-6f8cb89789-79njc', 'ansible_loop_var': 'item'}) 
skipping: [localhost]

TASK [switch_traffic : Record switch timestamp] ********************************
ok: [localhost]

TASK [switch_traffic : Atomically reload nginx in each router pod] *************
changed: [localhost] => (item=nginx-router-6f8cb89789-79njc)

TASK [switch_traffic : Sync ConfigMap with live config (for pod-restart durability)] ***
changed: [localhost]

TASK [switch_traffic : Update active-environment ConfigMap] ********************
changed: [localhost]

TASK [switch_traffic : Switch complete] ****************************************
ok: [localhost] => {
    "msg": "✅ Traffic switched to recreate at 2026-07-12T06:39:24.925Z"
}

PLAY RECAP *********************************************************************
localhost                  : ok=11   changed=4    unreachable=0    failed=0    skipped=2    rescued=0    ignored=0   

>> [reset] Done. Sleeping 10s...
>> Router OK
============================================================
  Strategy : recreate  (run 6)
  Duration : 120s  |  Switch at: 40s
  Active NS: recreate  |  Idle NS: none
============================================================
>> Ensuring 'recreate' pods are Ready...
deployment "api-gateway" successfully rolled out
deployment "catalog-service" successfully rolled out
deployment "price-service" successfully rolled out
deployment "inventory-service" successfully rolled out
deployment "shipping-service" successfully rolled out
>> Verifying nginx router...
>> Router OK (HTTP 200)
>> Starting wrk: 120s, 2 threads, 4 connections (conservative for VMware)
>> wrk PID=286336
>> Sleeping 40s until switch...

>> ============================================================
>> SWITCH TRIGGERED: recreate at 2026-07-12T06:40:17.162Z
>> ============================================================
deployment.apps/api-gateway image updated
deployment.apps/catalog-service image updated
deployment.apps/price-service image updated
deployment.apps/inventory-service image updated
deployment.apps/shipping-service image updated
>> Switch done in 650ms
>> Waiting for wrk to finish...

>> wrk output:
Running 2m test @ http://192.168.49.2:30080/health
  2 threads and 4 connections
  Thread calibration: mean lat.: 4.620ms, rate sampling interval: 12ms
  Thread calibration: mean lat.: 5.212ms, rate sampling interval: 13ms
  Thread Stats   Avg      Stdev     Max   +/- Stdev
    Latency    73.34ms  333.37ms   2.27s    95.26%
    Req/Sec     2.59     19.32   500.00     97.98%
  Latency Distribution (HdrHistogram - Recorded Latency)
 50.000%    3.22ms
 75.000%    4.63ms
 90.000%    6.40ms
 99.000%    2.03s 
 99.900%    2.27s 
 99.990%    2.27s 
 99.999%    2.27s 
100.000%    2.27s 

  Detailed Percentile spectrum:
       Value   Percentile   TotalCount 1/(1-Percentile)

       0.743     0.000000            1         1.00
       1.817     0.100000           56         1.11
       2.165     0.200000          110         1.25
       2.455     0.300000          165         1.43
       2.797     0.400000          220         1.67
       3.223     0.500000          274         2.00
       3.413     0.550000          302         2.22
       3.723     0.600000          329         2.50
       3.895     0.650000          357         2.86
       4.287     0.700000          384         3.33
       4.627     0.750000          411         4.00
       4.803     0.775000          425         4.44
       5.059     0.800000          439         5.00
       5.263     0.825000          453         5.71
       5.579     0.850000          466         6.67
       5.947     0.875000          480         8.00
       6.123     0.887500          487         8.89
       6.423     0.900000          494        10.00
       7.207     0.912500          501        11.43
       8.015     0.925000          507        13.33
       9.535     0.937500          514        16.00
      12.615     0.943750          518        17.78
     385.535     0.950000          521        20.00
     488.703     0.956250          525        22.86
     673.279     0.962500          528        26.67
    1231.871     0.968750          531        32.00
    1235.967     0.971875          533        35.56
    1472.511     0.975000          536        40.00
    1495.039     0.978125          537        45.71
    1720.319     0.981250          538        53.33
    2003.967     0.984375          542        64.00
    2003.967     0.985938          542        71.11
    2003.967     0.987500          542        80.00
    2030.591     0.989062          543        91.43
    2030.591     0.990625          543       106.67
    2033.663     0.992188          544       128.00
    2034.687     0.992969          545       142.22
    2034.687     0.993750          545       160.00
    2265.087     0.994531          546       182.86
    2265.087     0.995313          546       213.33
    2265.087     0.996094          546       256.00
    2269.183     0.996484          547       284.44
    2269.183     0.996875          547       320.00
    2269.183     0.997266          547       365.71
    2269.183     0.997656          547       426.67
    2269.183     0.998047          547       512.00
    2271.231     0.998242          548       568.89
    2271.231     1.000000          548          inf
#[Mean    =       73.338, StdDeviation   =      333.366]
#[Max     =     2269.184, Total count    =          548]
#[Buckets =           27, SubBuckets     =         2048]
----------------------------------------------------------
  602 requests in 2.00m, 145.74KB read
  Non-2xx or 3xx responses: 24
Requests/sec:      5.02
Transfer/sec:      1.21KB

============================================================
  Results: /home/shruti-rao/Downloads/zero-downtime-FINAL_120_timeout/bgfinal/experiment/raw/recreate_run6_*.{csv,txt}  (1 CSV files)
============================================================
