>> [reset] Preparing for: rolling

PLAY [Setup Rolling Update strategy namespace] *********************************

TASK [Create rolling namespace] ************************************************
[WARNING]: Host 'localhost' is using the discovered Python interpreter at '/usr/bin/python3.12', but future installation of another Python interpreter could cause a different interpreter to be discovered. See https://docs.ansible.com/ansible-core/2.20/reference_appendices/interpreter_discovery.html for more information.
changed: [localhost]

TASK [Deploy v1 baseline into rolling namespace] *******************************
included: rolling_update for localhost

TASK [rolling_update : Set defaults] *******************************************
ok: [localhost]

TASK [rolling_update : Create rolling namespace (idempotent)] ******************
changed: [localhost]

TASK [rolling_update : Template rolling Deployment for each microservice] ******
ok: [localhost] => (item={'name': 'api-gateway', 'port': 8080})
ok: [localhost] => (item={'name': 'catalog-service', 'port': 8080})
ok: [localhost] => (item={'name': 'price-service', 'port': 8080})
ok: [localhost] => (item={'name': 'inventory-service', 'port': 8080})
ok: [localhost] => (item={'name': 'shipping-service', 'port': 8080})

TASK [rolling_update : Template Service for each microservice] *****************
ok: [localhost] => (item={'name': 'api-gateway', 'port': 8080})
ok: [localhost] => (item={'name': 'catalog-service', 'port': 8080})
ok: [localhost] => (item={'name': 'price-service', 'port': 8080})
ok: [localhost] => (item={'name': 'inventory-service', 'port': 8080})
ok: [localhost] => (item={'name': 'shipping-service', 'port': 8080})

TASK [rolling_update : Apply Deployments] **************************************
changed: [localhost] => (item={'name': 'api-gateway', 'port': 8080})
changed: [localhost] => (item={'name': 'catalog-service', 'port': 8080})
changed: [localhost] => (item={'name': 'price-service', 'port': 8080})
changed: [localhost] => (item={'name': 'inventory-service', 'port': 8080})
changed: [localhost] => (item={'name': 'shipping-service', 'port': 8080})

TASK [rolling_update : Apply Services] *****************************************
changed: [localhost] => (item={'name': 'api-gateway', 'port': 8080})
changed: [localhost] => (item={'name': 'catalog-service', 'port': 8080})
changed: [localhost] => (item={'name': 'price-service', 'port': 8080})
changed: [localhost] => (item={'name': 'inventory-service', 'port': 8080})
changed: [localhost] => (item={'name': 'shipping-service', 'port': 8080})

TASK [rolling_update : Record rollout start time] ******************************
ok: [localhost]

TASK [rolling_update : Wait for all rolling deployments to complete] ***********
ok: [localhost] => (item={'name': 'api-gateway', 'port': 8080})
ok: [localhost] => (item={'name': 'catalog-service', 'port': 8080})
ok: [localhost] => (item={'name': 'price-service', 'port': 8080})
ok: [localhost] => (item={'name': 'inventory-service', 'port': 8080})
ok: [localhost] => (item={'name': 'shipping-service', 'port': 8080})

TASK [rolling_update : Record rollout end time] ********************************
ok: [localhost]

TASK [rolling_update : Compute rollout duration in seconds] ********************
ok: [localhost]

TASK [rolling_update : Save rollout duration for analysis] *********************
ok: [localhost]

TASK [rolling_update : Rolling update complete] ********************************
ok: [localhost] => {
    "msg": "Rolling update to v1 complete in 12s"
}

TASK [Point nginx router at rolling namespace] *********************************
included: switch_traffic for localhost

TASK [switch_traffic : Render new default.conf pointing at rolling] ************
ok: [localhost]

TASK [switch_traffic : Confirm all rolling deployments are Ready] **************
ok: [localhost] => (item={'name': 'api-gateway', 'port': 8080})
ok: [localhost] => (item={'name': 'catalog-service', 'port': 8080})
ok: [localhost] => (item={'name': 'price-service', 'port': 8080})
ok: [localhost] => (item={'name': 'inventory-service', 'port': 8080})
ok: [localhost] => (item={'name': 'shipping-service', 'port': 8080})

TASK [switch_traffic : Get running nginx router pods] **************************
ok: [localhost]

TASK [switch_traffic : Fail if no router pods found] ***************************
skipping: [localhost]

TASK [switch_traffic : Write new config into each router pod via stdin pipe] ***
changed: [localhost] => (item=nginx-router-6f8cb89789-79njc)

TASK [switch_traffic : Validate nginx config in each pod] **********************
ok: [localhost] => (item=nginx-router-6f8cb89789-79njc)

TASK [switch_traffic : Abort if any config is invalid] *************************
skipping: [localhost] => (item={'changed': False, 'stdout': '', 'stderr': 'Defaulted container "nginx" out of: nginx, init-conf (init)\nnginx: the configuration file /etc/nginx/nginx.conf syntax is ok\nnginx: configuration file /etc/nginx/nginx.conf test is successful', 'rc': 0, 'cmd': ['kubectl', 'exec', '-n', 'routing', 'nginx-router-6f8cb89789-79njc', '--', 'nginx', '-t'], 'start': '2026-07-11 14:53:41.685009', 'end': '2026-07-11 14:53:41.856651', 'delta': '0:00:00.171642', 'msg': '', 'invocation': {'module_args': {'_raw_params': 'kubectl exec -n routing nginx-router-6f8cb89789-79njc -- nginx -t', '_uses_shell': False, 'expand_argument_vars': True, 'stdin_add_newline': True, 'strip_empty_ends': True, 'cmd': None, 'argv': None, 'chdir': None, 'executable': None, 'creates': None, 'removes': None, 'stdin': None}}, 'stdout_lines': [], 'stderr_lines': ['Defaulted container "nginx" out of: nginx, init-conf (init)', 'nginx: the configuration file /etc/nginx/nginx.conf syntax is ok', 'nginx: configuration file /etc/nginx/nginx.conf test is successful'], 'failed': False, 'failed_when_result': False, 'item': 'nginx-router-6f8cb89789-79njc', 'ansible_loop_var': 'item'}) 
skipping: [localhost]

TASK [switch_traffic : Record switch timestamp] ********************************
ok: [localhost]

TASK [switch_traffic : Atomically reload nginx in each router pod] *************
changed: [localhost] => (item=nginx-router-6f8cb89789-79njc)

TASK [switch_traffic : Sync ConfigMap with live config (for pod-restart durability)] ***
changed: [localhost]

TASK [switch_traffic : Update active-environment ConfigMap] ********************
changed: [localhost]

TASK [switch_traffic : Switch complete] ****************************************
ok: [localhost] => {
    "msg": "✅ Traffic switched to rolling at 2026-07-11T09:23:42.132Z"
}

TASK [Done — rolling baseline ready] *******************************************
ok: [localhost] => {
    "msg": "Rolling namespace is live. Now run:\n  wrk2/run-strategy-test.sh rolling 120 50 40\nIn a second terminal at t=40s the test script will kubectl set image to v2.\n"
}

PLAY RECAP *********************************************************************
localhost                  : ok=26   changed=8    unreachable=0    failed=0    skipped=2    rescued=0    ignored=0   


PLAY [Switch live traffic to Green] ********************************************

TASK [include_role : switch_traffic] *******************************************
included: switch_traffic for localhost

TASK [switch_traffic : Render new default.conf pointing at rolling] ************
ok: [localhost]

TASK [switch_traffic : Confirm all rolling deployments are Ready] **************
ok: [localhost] => (item={'name': 'api-gateway', 'port': 8080})
ok: [localhost] => (item={'name': 'catalog-service', 'port': 8080})
ok: [localhost] => (item={'name': 'price-service', 'port': 8080})
ok: [localhost] => (item={'name': 'inventory-service', 'port': 8080})
ok: [localhost] => (item={'name': 'shipping-service', 'port': 8080})

TASK [switch_traffic : Get running nginx router pods] **************************
ok: [localhost]

TASK [switch_traffic : Fail if no router pods found] ***************************
skipping: [localhost]

TASK [switch_traffic : Write new config into each router pod via stdin pipe] ***
changed: [localhost] => (item=nginx-router-6f8cb89789-79njc)

TASK [switch_traffic : Validate nginx config in each pod] **********************
ok: [localhost] => (item=nginx-router-6f8cb89789-79njc)

TASK [switch_traffic : Abort if any config is invalid] *************************
[ERROR]: Task failed: Action failed: nginx -t failed in pod nginx-router-6f8cb89789-79njc: Defaulted container "nginx" out of: nginx, init-conf (init)
2026/07/11 09:23:47 [emerg] 1369#1369: host not found in upstream "api-gateway.rolling.svc.cluster.local:8080" in /etc/nginx/conf.d/default.conf:3
nginx: [emerg] host not found in upstream "api-gateway.rolling.svc.cluster.local:8080" in /etc/nginx/conf.d/default.conf:3
nginx: configuration file /etc/nginx/nginx.conf test failed
command terminated with exit code 1
Origin: /home/shruti-rao/Downloads/zero-downtime-FINAL_120_timeout/bgfinal/ansible/roles/switch_traffic/tasks/main.yml:55:3

53   register: nginx_test
54
55 - name: Abort if any config is invalid
     ^ column 3

failed: [localhost] (item={'changed': False, 'stdout': '', 'stderr': 'Defaulted container "nginx" out of: nginx, init-conf (init)\n2026/07/11 09:23:47 [emerg] 1369#1369: host not found in upstream "api-gateway.rolling.svc.cluster.local:8080" in /etc/nginx/conf.d/default.conf:3\nnginx: [emerg] host not found in upstream "api-gateway.rolling.svc.cluster.local:8080" in /etc/nginx/conf.d/default.conf:3\nnginx: configuration file /etc/nginx/nginx.conf test failed\ncommand terminated with exit code 1', 'rc': 1, 'cmd': ['kubectl', 'exec', '-n', 'routing', 'nginx-router-6f8cb89789-79njc', '--', 'nginx', '-t'], 'start': '2026-07-11 14:53:47.247970', 'end': '2026-07-11 14:53:52.417040', 'delta': '0:00:05.169070', 'failed': False, 'msg': 'non-zero return code', 'invocation': {'module_args': {'_raw_params': 'kubectl exec -n routing nginx-router-6f8cb89789-79njc -- nginx -t', '_uses_shell': False, 'expand_argument_vars': True, 'stdin_add_newline': True, 'strip_empty_ends': True, 'cmd': None, 'argv': None, 'chdir': None, 'executable': None, 'creates': None, 'removes': None, 'stdin': None}}, 'stdout_lines': [], 'stderr_lines': ['Defaulted container "nginx" out of: nginx, init-conf (init)', '2026/07/11 09:23:47 [emerg] 1369#1369: host not found in upstream "api-gateway.rolling.svc.cluster.local:8080" in /etc/nginx/conf.d/default.conf:3', 'nginx: [emerg] host not found in upstream "api-gateway.rolling.svc.cluster.local:8080" in /etc/nginx/conf.d/default.conf:3', 'nginx: configuration file /etc/nginx/nginx.conf test failed', 'command terminated with exit code 1'], 'failed_when_result': False, 'failed_when_suppressed_exception': '(traceback unavailable)', 'item': 'nginx-router-6f8cb89789-79njc', 'ansible_loop_var': 'item'}) => {"ansible_loop_var": "item", "changed": false, "item": {"ansible_loop_var": "item", "changed": false, "cmd": ["kubectl", "exec", "-n", "routing", "nginx-router-6f8cb89789-79njc", "--", "nginx", "-t"], "delta": "0:00:05.169070", "end": "2026-07-11 14:53:52.417040", "failed": false, "failed_when_result": false, "failed_when_suppressed_exception": "(traceback unavailable)", "invocation": {"module_args": {"_raw_params": "kubectl exec -n routing nginx-router-6f8cb89789-79njc -- nginx -t", "_uses_shell": false, "argv": null, "chdir": null, "cmd": null, "creates": null, "executable": null, "expand_argument_vars": true, "removes": null, "stdin": null, "stdin_add_newline": true, "strip_empty_ends": true}}, "item": "nginx-router-6f8cb89789-79njc", "msg": "non-zero return code", "rc": 1, "start": "2026-07-11 14:53:47.247970", "stderr": "Defaulted container \"nginx\" out of: nginx, init-conf (init)\n2026/07/11 09:23:47 [emerg] 1369#1369: host not found in upstream \"api-gateway.rolling.svc.cluster.local:8080\" in /etc/nginx/conf.d/default.conf:3\nnginx: [emerg] host not found in upstream \"api-gateway.rolling.svc.cluster.local:8080\" in /etc/nginx/conf.d/default.conf:3\nnginx: configuration file /etc/nginx/nginx.conf test failed\ncommand terminated with exit code 1", "stderr_lines": ["Defaulted container \"nginx\" out of: nginx, init-conf (init)", "2026/07/11 09:23:47 [emerg] 1369#1369: host not found in upstream \"api-gateway.rolling.svc.cluster.local:8080\" in /etc/nginx/conf.d/default.conf:3", "nginx: [emerg] host not found in upstream \"api-gateway.rolling.svc.cluster.local:8080\" in /etc/nginx/conf.d/default.conf:3", "nginx: configuration file /etc/nginx/nginx.conf test failed", "command terminated with exit code 1"], "stdout": "", "stdout_lines": []}, "msg": "nginx -t failed in pod nginx-router-6f8cb89789-79njc: Defaulted container \"nginx\" out of: nginx, init-conf (init)\n2026/07/11 09:23:47 [emerg] 1369#1369: host not found in upstream \"api-gateway.rolling.svc.cluster.local:8080\" in /etc/nginx/conf.d/default.conf:3\nnginx: [emerg] host not found in upstream \"api-gateway.rolling.svc.cluster.local:8080\" in /etc/nginx/conf.d/default.conf:3\nnginx: configuration file /etc/nginx/nginx.conf test failed\ncommand terminated with exit code 1"}

PLAY RECAP *********************************************************************
localhost                  : ok=6    changed=1    unreachable=0    failed=1    skipped=1    rescued=0    ignored=0   


PLAY [Rollback traffic to Blue] ************************************************

TASK [include_role : switch_traffic] *******************************************
included: switch_traffic for localhost

TASK [switch_traffic : Render new default.conf pointing at blue] ***************
ok: [localhost]

TASK [switch_traffic : Confirm all blue deployments are Ready] *****************
ok: [localhost] => (item={'name': 'api-gateway', 'port': 8080})
ok: [localhost] => (item={'name': 'catalog-service', 'port': 8080})
ok: [localhost] => (item={'name': 'price-service', 'port': 8080})
ok: [localhost] => (item={'name': 'inventory-service', 'port': 8080})
ok: [localhost] => (item={'name': 'shipping-service', 'port': 8080})

TASK [switch_traffic : Get running nginx router pods] **************************
ok: [localhost]

TASK [switch_traffic : Fail if no router pods found] ***************************
skipping: [localhost]

TASK [switch_traffic : Write new config into each router pod via stdin pipe] ***
changed: [localhost] => (item=nginx-router-6f8cb89789-79njc)

TASK [switch_traffic : Validate nginx config in each pod] **********************
ok: [localhost] => (item=nginx-router-6f8cb89789-79njc)

TASK [switch_traffic : Abort if any config is invalid] *************************
skipping: [localhost] => (item={'changed': False, 'stdout': '', 'stderr': 'Defaulted container "nginx" out of: nginx, init-conf (init)\nnginx: the configuration file /etc/nginx/nginx.conf syntax is ok\nnginx: configuration file /etc/nginx/nginx.conf test is successful', 'rc': 0, 'cmd': ['kubectl', 'exec', '-n', 'routing', 'nginx-router-6f8cb89789-79njc', '--', 'nginx', '-t'], 'start': '2026-07-11 14:53:56.357358', 'end': '2026-07-11 14:53:56.599026', 'delta': '0:00:00.241668', 'msg': '', 'invocation': {'module_args': {'_raw_params': 'kubectl exec -n routing nginx-router-6f8cb89789-79njc -- nginx -t', '_uses_shell': False, 'expand_argument_vars': True, 'stdin_add_newline': True, 'strip_empty_ends': True, 'cmd': None, 'argv': None, 'chdir': None, 'executable': None, 'creates': None, 'removes': None, 'stdin': None}}, 'stdout_lines': [], 'stderr_lines': ['Defaulted container "nginx" out of: nginx, init-conf (init)', 'nginx: the configuration file /etc/nginx/nginx.conf syntax is ok', 'nginx: configuration file /etc/nginx/nginx.conf test is successful'], 'failed': False, 'failed_when_result': False, 'item': 'nginx-router-6f8cb89789-79njc', 'ansible_loop_var': 'item'}) 
skipping: [localhost]

TASK [switch_traffic : Record switch timestamp] ********************************
ok: [localhost]

TASK [switch_traffic : Atomically reload nginx in each router pod] *************
changed: [localhost] => (item=nginx-router-6f8cb89789-79njc)

TASK [switch_traffic : Sync ConfigMap with live config (for pod-restart durability)] ***
changed: [localhost]

TASK [switch_traffic : Update active-environment ConfigMap] ********************
changed: [localhost]

TASK [switch_traffic : Switch complete] ****************************************
ok: [localhost] => {
    "msg": "✅ Traffic switched to blue at 2026-07-11T09:23:56.938Z"
}

PLAY RECAP *********************************************************************
localhost                  : ok=11   changed=4    unreachable=0    failed=0    skipped=2    rescued=0    ignored=0   

>> [reset] Done. Sleeping 10s...
>> Router OK
============================================================
  Strategy : rolling  (run 3)
  Duration : 120s  |  Switch at: 40s
  Active NS: rolling  |  Idle NS: none
============================================================
>> Ensuring 'rolling' pods are Ready...
deployment "api-gateway" successfully rolled out
deployment "catalog-service" successfully rolled out
deployment "price-service" successfully rolled out
deployment "inventory-service" successfully rolled out
deployment "shipping-service" successfully rolled out
>> Verifying nginx router...
>> Router OK (HTTP 200)
>> Starting wrk: 120s, 2 threads, 4 connections (conservative for VMware)
>> wrk PID=166057
>> Sleeping 40s until switch...

>> ============================================================
>> SWITCH TRIGGERED: rolling at 2026-07-11T09:24:49.058Z
>> ============================================================
deployment.apps/api-gateway image updated
deployment.apps/catalog-service image updated
deployment.apps/price-service image updated
deployment.apps/inventory-service image updated
deployment.apps/shipping-service image updated
>> Switch done in 441ms
>> Waiting for wrk to finish...

>> wrk output:
Running 2m test @ http://192.168.49.2:30080/health
  2 threads and 4 connections
  Thread calibration: mean lat.: 3.851ms, rate sampling interval: 11ms
  Thread calibration: mean lat.: 6.901ms, rate sampling interval: 10ms
  Thread Stats   Avg      Stdev     Max   +/- Stdev
    Latency     5.85ms   11.87ms  86.53ms   97.08%
    Req/Sec     2.63     19.83   222.00     98.05%
  Latency Distribution (HdrHistogram - Recorded Latency)
 50.000%    3.67ms
 75.000%    4.80ms
 90.000%    6.13ms
 99.000%   84.93ms
 99.900%   85.69ms
 99.990%   86.59ms
 99.999%   86.59ms
100.000%   86.59ms

  Detailed Percentile spectrum:
       Value   Percentile   TotalCount 1/(1-Percentile)

       0.967     0.000000            1         1.00
       2.335     0.100000           55         1.11
       2.791     0.200000          110         1.25
       3.059     0.300000          165         1.43
       3.327     0.400000          220         1.67
       3.675     0.500000          274         2.00
       3.879     0.550000          302         2.22
       4.029     0.600000          329         2.50
       4.287     0.650000          357         2.86
       4.475     0.700000          387         3.33
       4.795     0.750000          412         4.00
       4.915     0.775000          425         4.44
       5.055     0.800000          439         5.00
       5.251     0.825000          453         5.71
       5.479     0.850000          466         6.67
       5.743     0.875000          480         8.00
       6.039     0.887500          487         8.89
       6.203     0.900000          494        10.00
       6.315     0.912500          501        11.43
       6.591     0.925000          507        13.33
       7.163     0.937500          514        16.00
       7.495     0.943750          518        17.78
       8.059     0.950000          521        20.00
       8.399     0.956250          525        22.86
       9.631     0.962500          528        26.67
      10.503     0.968750          531        32.00
      23.071     0.971875          533        35.56
      41.887     0.975000          535        40.00
      58.463     0.978125          537        45.71
      70.719     0.981250          538        53.33
      84.607     0.984375          540        64.00
      84.799     0.985938          541        71.11
      84.863     0.987500          542        80.00
      84.927     0.989062          543        91.43
      84.927     0.990625          543       106.67
      85.375     0.992188          545       128.00
      85.375     0.992969          545       142.22
      85.375     0.993750          545       160.00
      85.439     0.994531          546       182.86
      85.439     0.995313          546       213.33
      85.439     0.996094          546       256.00
      85.695     0.996484          547       284.44
      85.695     0.996875          547       320.00
      85.695     0.997266          547       365.71
      85.695     0.997656          547       426.67
      85.695     0.998047          547       512.00
      86.591     0.998242          548       568.89
      86.591     1.000000          548          inf
#[Mean    =        5.850, StdDeviation   =       11.870]
#[Max     =       86.528, Total count    =          548]
#[Buckets =           27, SubBuckets     =         2048]
----------------------------------------------------------
  602 requests in 2.00m, 139.33KB read
Requests/sec:      5.02
Transfer/sec:      1.16KB

============================================================
  Results: /home/shruti-rao/Downloads/zero-downtime-FINAL_120_timeout/bgfinal/experiment/raw/rolling_run3_*.{csv,txt}  (1 CSV files)
============================================================
